# JRE version: Java(TM) SE Runtime Environment (17.0.12+8) (build 17.0.12+8-LTS-286)
# Java VM: Java HotSpot(TM) 64-Bit Server VM (17.0.12+8-LTS-286, mixed mode, emulated-client, sharing, tiered, compressed oops, compressed class ptrs, g1 gc, windows-amd64)
GC Precious Log:
 CPUs: 4 total, 4 available
 Memory: 8040M
 Large Page Support: Disabled
 NUMA Support: Disabled
 Compressed Oops: Enabled (32-bit)
 Heap Region Size: 1M
 Heap Min Capacity: 8M
 Heap Initial Capacity: 126M
 Heap Max Capacity: 2012M
 Pre-touch: Disabled
 Parallel Workers: 4
 Concurrent Workers: 1
 Concurrent Refinement Workers: 4
 Periodic GC: Disabled
Heap:
 garbage-first heap   total 66560K, used 29349K [0x0000000082400000, 0x0000000100000000)
  region size 1024K, 6 young (6144K), 3 survivors (3072K)
 Metaspace       used 54001K, committed 54528K, reserved 1114112K
  class space    used 7664K, committed 7936K, reserved 1048576K
GC Heap History (20 events):
Event: 10.090 GC heap before
{Heap before GC invocations=3 (full 0):
 garbage-first heap   total 129024K, used 68545K [0x0000000082400000, 0x0000000100000000)
  region size 1024K, 62 young (63488K), 3 survivors (3072K)
 Metaspace       used 21257K, committed 21504K, reserved 1114112K
  class space    used 2911K, committed 3008K, reserved 1048576K
}
Event: 10.108 GC heap after
{Heap after GC invocations=4 (full 0):
 garbage-first heap   total 129024K, used 14461K [0x0000000082400000, 0x0000000100000000)
  region size 1024K, 7 young (7168K), 7 survivors (7168K)
 Metaspace       used 21257K, committed 21504K, reserved 1114112K
  class space    used 2911K, committed 3008K, reserved 1048576K
}
Event: 11.414 GC heap before
{Heap before GC invocations=5 (full 0):
 garbage-first heap   total 55296K, used 42109K [0x0000000082400000, 0x0000000100000000)
  region size 1024K, 35 young (35840K), 7 survivors (7168K)
 Metaspace       used 23167K, committed 23552K, reserved 1114112K
  class space    used 3211K, committed 3392K, reserved 1048576K
}
Event: 11.439 GC heap after
{Heap after GC invocations=6 (full 0):
 garbage-first heap   total 55296K, used 17044K [0x0000000082400000, 0x0000000100000000)
  region size 1024K, 7 young (7168K), 7 survivors (7168K)
 Metaspace       used 23167K, committed 23552K, reserved 1114112K
  class space    used 3211K, committed 3392K, reserved 1048576K
}
Event: 12.791 GC heap before
{Heap before GC invocations=6 (full 0):
 garbage-first heap   total 55296K, used 37524K [0x0000000082400000, 0x0000000100000000)
  region size 1024K, 27 young (27648K), 7 survivors (7168K)
 Metaspace       used 25400K, committed 25792K, reserved 1114112K
  class space    used 3516K, committed 3712K, reserved 1048576K
}
Event: 12.824 GC heap after
{Heap after GC invocations=7 (full 0):
 garbage-first heap   total 55296K, used 17857K [0x0000000082400000, 0x0000000100000000)
  region size 1024K, 2 young (2048K), 2 survivors (2048K)
 Metaspace       used 25400K, committed 25792K, reserved 1114112K
  class space    used 3516K, committed 3712K, reserved 1048576K
}
Event: 14.283 GC heap before
{Heap before GC invocations=7 (full 0):
 garbage-first heap   total 55296K, used 39361K [0x0000000082400000, 0x0000000100000000)
  region size 1024K, 23 young (23552K), 2 survivors (2048K)
 Metaspace       used 27673K, committed 28096K, reserved 1114112K
  class space    used 3900K, committed 4096K, reserved 1048576K
}
Event: 14.299 GC heap after
{Heap after GC invocations=8 (full 0):
 garbage-first heap   total 55296K, used 18618K [0x0000000082400000, 0x0000000100000000)
  region size 1024K, 3 young (3072K), 3 survivors (3072K)
 Metaspace       used 27673K, committed 28096K, reserved 1114112K
  class space    used 3900K, committed 4096K, reserved 1048576K
}
Event: 15.918 GC heap before
{Heap before GC invocations=8 (full 0):
 garbage-first heap   total 55296K, used 40122K [0x0000000082400000, 0x0000000100000000)
  region size 1024K, 24 young (24576K), 3 survivors (3072K)
 Metaspace       used 31573K, committed 31936K, reserved 1114112K
  class space    used 4419K, committed 4608K, reserved 1048576K
}
Event: 15.941 GC heap after
{Heap after GC invocations=9 (full 0):
 garbage-first heap   total 66560K, used 20175K [0x0000000082400000, 0x0000000100000000)
  region size 1024K, 3 young (3072K), 3 survivors (3072K)
 Metaspace       used 31573K, committed 31936K, reserved 1114112K
  class space    used 4419K, committed 4608K, reserved 1048576K
}
Event: 17.479 GC heap before
{Heap before GC invocations=9 (full 0):
 garbage-first heap   total 66560K, used 49871K [0x0000000082400000, 0x0000000100000000)
  region size 1024K, 32 young (32768K), 3 survivors (3072K)
 Metaspace       used 35152K, committed 35648K, reserved 1114112K
  class space    used 4917K, committed 5120K, reserved 1048576K
}
Event: 17.508 GC heap after
{Heap after GC invocations=10 (full 0):
 garbage-first heap   total 66560K, used 22576K [0x0000000082400000, 0x0000000100000000)
  region size 1024K, 4 young (4096K), 4 survivors (4096K)
 Metaspace       used 35152K, committed 35648K, reserved 1114112K
  class space    used 4917K, committed 5120K, reserved 1048576K
}
Event: 18.264 GC heap before
{Heap before GC invocations=10 (full 0):
 garbage-first heap   total 66560K, used 31792K [0x0000000082400000, 0x0000000100000000)
  region size 1024K, 15 young (15360K), 4 survivors (4096K)
 Metaspace       used 35837K, committed 36288K, reserved 1114112K
  class space    used 5037K, committed 5248K, reserved 1048576K
}
Event: 18.286 GC heap after
{Heap after GC invocations=11 (full 0):
 garbage-first heap   total 66560K, used 23220K [0x0000000082400000, 0x0000000100000000)
  region size 1024K, 1 young (1024K), 1 survivors (1024K)
 Metaspace       used 35837K, committed 36288K, reserved 1114112K
  class space    used 5037K, committed 5248K, reserved 1048576K
}
Event: 20.535 GC heap before
{Heap before GC invocations=12 (full 0):
 garbage-first heap   total 66560K, used 51892K [0x0000000082400000, 0x0000000100000000)
  region size 1024K, 29 young (29696K), 1 survivors (1024K)
 Metaspace       used 40455K, committed 41024K, reserved 1114112K
  class space    used 5721K, committed 6016K, reserved 1048576K
}
Event: 20.544 GC heap after
{Heap after GC invocations=13 (full 0):
 garbage-first heap   total 66560K, used 24386K [0x0000000082400000, 0x0000000100000000)
  region size 1024K, 3 young (3072K), 3 survivors (3072K)
 Metaspace       used 40455K, committed 41024K, reserved 1114112K
  class space    used 5721K, committed 6016K, reserved 1048576K
}
Event: 24.463 GC heap before
{Heap before GC invocations=13 (full 0):
 garbage-first heap   total 66560K, used 52034K [0x0000000082400000, 0x0000000100000000)
  region size 1024K, 30 young (30720K), 3 survivors (3072K)
 Metaspace       used 47221K, committed 47744K, reserved 1114112K
  class space    used 6667K, committed 6912K, reserved 1048576K
}
Event: 24.474 GC heap after
{Heap after GC invocations=14 (full 0):
 garbage-first heap   total 66560K, used 25886K [0x0000000082400000, 0x0000000100000000)
  region size 1024K, 3 young (3072K), 3 survivors (3072K)
 Metaspace       used 47221K, committed 47744K, reserved 1114112K
  class space    used 6667K, committed 6912K, reserved 1048576K
}
Event: 29.661 GC heap before
{Heap before GC invocations=14 (full 0):
 garbage-first heap   total 66560K, used 52510K [0x0000000082400000, 0x0000000100000000)
  region size 1024K, 29 young (29696K), 3 survivors (3072K)
 Metaspace       used 53616K, committed 54208K, reserved 1114112K
  class space    used 7584K, committed 7872K, reserved 1048576K
}
Event: 29.672 GC heap after
{Heap after GC invocations=15 (full 0):
 garbage-first heap   total 66560K, used 27301K [0x0000000082400000, 0x0000000100000000)
  region size 1024K, 3 young (3072K), 3 survivors (3072K)
 Metaspace       used 53616K, committed 54208K, reserved 1114112K
  class space    used 7584K, committed 7872K, reserved 1048576K
}

