# JRE version: OpenJDK Runtime Environment (22.0+36) (build 22+36-2370)
# Java VM: OpenJDK 64-Bit Server VM (22+36-2370, mixed mode, emulated-client, sharing, tiered, compressed oops, compressed class ptrs, g1 gc, windows-amd64)
GC Precious Log:
 CardTable entry size: 512
 Card Set container configuration: InlinePtr #cards 5 size 8 Array Of Cards #cards 12 size 40 Howl #buckets 4 coarsen threshold 1843 Howl Bitmap #cards 512 size 80 coarsen threshold 460 Card regions per heap region 1 cards per card region 2048
 CPUs: 4 total, 4 available
 Memory: 8040M
 Large Page Support: Disabled
 NUMA Support: Disabled
 Compressed Oops: Enabled (32-bit)
 Heap Region Size: 1M
 Heap Min Capacity: 8M
 Heap Initial Capacity: 126M
 Heap Max Capacity: 2012M
 Pre-touch: Disabled
 Parallel Workers: 4
 Concurrent Workers: 1
 Concurrent Refinement Workers: 4
 Periodic GC: Disabled
Heap:
 garbage-first heap   total reserved 2060288K, committed 48128K, used 35700K [0x0000000082400000, 0x0000000100000000)
  region size 1024K, 22 young (22528K), 4 survivors (4096K)
 Metaspace       used 31851K, committed 32448K, reserved 1114112K
  class space    used 4566K, committed 4800K, reserved 1048576K
GC Heap History (14 events):
Event: 29.899 GC heap before
{Heap before GC invocations=0 (full 0):
 garbage-first heap   total reserved 2060288K, committed 129024K, used 15360K [0x0000000082400000, 0x0000000100000000)
  region size 1024K, 14 young (14336K), 0 survivors (0K)
 Metaspace       used 3930K, committed 4032K, reserved 1114112K
  class space    used 467K, committed 512K, reserved 1048576K
}
Event: 30.005 GC heap after
{Heap after GC invocations=1 (full 0):
 garbage-first heap   total reserved 2060288K, committed 129024K, used 5973K [0x0000000082400000, 0x0000000100000000)
  region size 1024K, 2 young (2048K), 2 survivors (2048K)
 Metaspace       used 3930K, committed 4032K, reserved 1114112K
  class space    used 467K, committed 512K, reserved 1048576K
}
Event: 31.796 GC heap before
{Heap before GC invocations=1 (full 0):
 garbage-first heap   total reserved 2060288K, committed 129024K, used 20309K [0x0000000082400000, 0x0000000100000000)
  region size 1024K, 16 young (16384K), 2 survivors (2048K)
 Metaspace       used 8314K, committed 8512K, reserved 1114112K
  class space    used 1071K, committed 1152K, reserved 1048576K
}
Event: 31.809 GC heap after
{Heap after GC invocations=2 (full 0):
 garbage-first heap   total reserved 2060288K, committed 129024K, used 7865K [0x0000000082400000, 0x0000000100000000)
  region size 1024K, 2 young (2048K), 2 survivors (2048K)
 Metaspace       used 8314K, committed 8512K, reserved 1114112K
  class space    used 1071K, committed 1152K, reserved 1048576K
}
Event: 35.230 GC heap before
{Heap before GC invocations=2 (full 0):
 garbage-first heap   total reserved 2060288K, committed 129024K, used 35513K [0x0000000082400000, 0x0000000100000000)
  region size 1024K, 30 young (30720K), 2 survivors (2048K)
 Metaspace       used 14178K, committed 14592K, reserved 1114112K
  class space    used 2020K, committed 2176K, reserved 1048576K
}
Event: 35.241 GC heap after
{Heap after GC invocations=3 (full 0):
 garbage-first heap   total reserved 2060288K, committed 129024K, used 11031K [0x0000000082400000, 0x0000000100000000)
  region size 1024K, 4 young (4096K), 4 survivors (4096K)
 Metaspace       used 14178K, committed 14592K, reserved 1114112K
  class space    used 2020K, committed 2176K, reserved 1048576K
}
Event: 37.713 GC heap before
{Heap before GC invocations=3 (full 0):
 garbage-first heap   total reserved 2060288K, committed 129024K, used 50967K [0x0000000082400000, 0x0000000100000000)
  region size 1024K, 45 young (46080K), 4 survivors (4096K)
 Metaspace       used 21105K, committed 21504K, reserved 1114112K
  class space    used 2883K, committed 3072K, reserved 1048576K
}
Event: 37.737 GC heap after
{Heap after GC invocations=4 (full 0):
 garbage-first heap   total reserved 2060288K, committed 129024K, used 13505K [0x0000000082400000, 0x0000000100000000)
  region size 1024K, 7 young (7168K), 7 survivors (7168K)
 Metaspace       used 21105K, committed 21504K, reserved 1114112K
  class space    used 2883K, committed 3072K, reserved 1048576K
}
Event: 40.164 GC heap before
{Heap before GC invocations=5 (full 0):
 garbage-first heap   total reserved 2060288K, committed 48128K, used 33985K [0x0000000082400000, 0x0000000100000000)
  region size 1024K, 28 young (28672K), 7 survivors (7168K)
 Metaspace       used 22351K, committed 22784K, reserved 1114112K
  class space    used 3099K, committed 3264K, reserved 1048576K
}
Event: 40.193 GC heap after
{Heap after GC invocations=6 (full 0):
 garbage-first heap   total reserved 2060288K, committed 48128K, used 13965K [0x0000000082400000, 0x0000000100000000)
  region size 1024K, 2 young (2048K), 2 survivors (2048K)
 Metaspace       used 22351K, committed 22784K, reserved 1114112K
  class space    used 3099K, committed 3264K, reserved 1048576K
}
Event: 43.466 GC heap before
{Heap before GC invocations=6 (full 0):
 garbage-first heap   total reserved 2060288K, committed 48128K, used 37517K [0x0000000082400000, 0x0000000100000000)
  region size 1024K, 25 young (25600K), 2 survivors (2048K)
 Metaspace       used 24642K, committed 25152K, reserved 1114112K
  class space    used 3478K, committed 3712K, reserved 1048576K
}
Event: 43.484 GC heap after
{Heap after GC invocations=7 (full 0):
 garbage-first heap   total reserved 2060288K, committed 48128K, used 16300K [0x0000000082400000, 0x0000000100000000)
  region size 1024K, 4 young (4096K), 4 survivors (4096K)
 Metaspace       used 24642K, committed 25152K, reserved 1114112K
  class space    used 3478K, committed 3712K, reserved 1048576K
}
Event: 45.984 GC heap before
{Heap before GC invocations=7 (full 0):
 garbage-first heap   total reserved 2060288K, committed 48128K, used 38828K [0x0000000082400000, 0x0000000100000000)
  region size 1024K, 26 young (26624K), 4 survivors (4096K)
 Metaspace       used 29716K, committed 30272K, reserved 1114112K
  class space    used 4259K, committed 4480K, reserved 1048576K
}
Event: 46.008 GC heap after
{Heap after GC invocations=8 (full 0):
 garbage-first heap   total reserved 2060288K, committed 48128K, used 18292K [0x0000000082400000, 0x0000000100000000)
  region size 1024K, 4 young (4096K), 4 survivors (4096K)
 Metaspace       used 29716K, committed 30272K, reserved 1114112K
  class space    used 4259K, committed 4480K, reserved 1048576K
}

