# JRE version: OpenJDK Runtime Environment (22.0+36) (build 22+36-2370)
# Java VM: OpenJDK 64-Bit Server VM (22+36-2370, mixed mode, emulated-client, sharing, tiered, compressed oops, compressed class ptrs, g1 gc, windows-amd64)
GC Precious Log:
 CardTable entry size: 512
 Card Set container configuration: InlinePtr #cards 5 size 8 Array Of Cards #cards 12 size 40 Howl #buckets 4 coarsen threshold 1843 Howl Bitmap #cards 512 size 80 coarsen threshold 460 Card regions per heap region 1 cards per card region 2048
 CPUs: 4 total, 4 available
 Memory: 8040M
 Large Page Support: Disabled
 NUMA Support: Disabled
 Compressed Oops: Enabled (32-bit)
 Heap Region Size: 1M
 Heap Min Capacity: 8M
 Heap Initial Capacity: 126M
 Heap Max Capacity: 2012M
 Pre-touch: Disabled
 Parallel Workers: 4
 Concurrent Workers: 1
 Concurrent Refinement Workers: 4
 Periodic GC: Disabled
Heap:
 garbage-first heap   total reserved 2060288K, committed 55296K, used 38276K [0x0000000082400000, 0x0000000100000000)
  region size 1024K, 9 young (9216K), 3 survivors (3072K)
 Metaspace       used 63625K, committed 64320K, reserved 1114112K
  class space    used 9359K, committed 9664K, reserved 1048576K
GC Heap History (20 events):
Event: 39.890 GC heap before
{Heap before GC invocations=8 (full 0):
 garbage-first heap   total reserved 2060288K, committed 55296K, used 46024K [0x0000000082400000, 0x0000000100000000)
  region size 1024K, 28 young (28672K), 4 survivors (4096K)
 Metaspace       used 33062K, committed 33536K, reserved 1114112K
  class space    used 4539K, committed 4736K, reserved 1048576K
}
Event: 39.927 GC heap after
{Heap after GC invocations=9 (full 0):
 garbage-first heap   total reserved 2060288K, committed 55296K, used 23904K [0x0000000082400000, 0x0000000100000000)
  region size 1024K, 3 young (3072K), 3 survivors (3072K)
 Metaspace       used 33062K, committed 33536K, reserved 1114112K
  class space    used 4539K, committed 4736K, reserved 1048576K
}
Event: 41.621 GC heap before
{Heap before GC invocations=9 (full 0):
 garbage-first heap   total reserved 2060288K, committed 55296K, used 46432K [0x0000000082400000, 0x0000000100000000)
  region size 1024K, 25 young (25600K), 3 survivors (3072K)
 Metaspace       used 34899K, committed 35520K, reserved 1114112K
  class space    used 4832K, committed 5120K, reserved 1048576K
}
Event: 41.633 GC heap after
{Heap after GC invocations=10 (full 0):
 garbage-first heap   total reserved 2060288K, committed 55296K, used 25172K [0x0000000082400000, 0x0000000100000000)
  region size 1024K, 4 young (4096K), 4 survivors (4096K)
 Metaspace       used 34899K, committed 35520K, reserved 1114112K
  class space    used 4832K, committed 5120K, reserved 1048576K
}
Event: 42.053 GC heap before
{Heap before GC invocations=10 (full 0):
 garbage-first heap   total reserved 2060288K, committed 55296K, used 32340K [0x0000000082400000, 0x0000000100000000)
  region size 1024K, 12 young (12288K), 4 survivors (4096K)
 Metaspace       used 35616K, committed 36160K, reserved 1114112K
  class space    used 4936K, committed 5184K, reserved 1048576K
}
Event: 42.065 GC heap after
{Heap after GC invocations=11 (full 0):
 garbage-first heap   total reserved 2060288K, committed 55296K, used 25600K [0x0000000082400000, 0x0000000100000000)
  region size 1024K, 2 young (2048K), 2 survivors (2048K)
 Metaspace       used 35616K, committed 36160K, reserved 1114112K
  class space    used 4936K, committed 5184K, reserved 1048576K
}
Event: 44.079 GC heap before
{Heap before GC invocations=12 (full 0):
 garbage-first heap   total reserved 2060288K, committed 55296K, used 48128K [0x0000000082400000, 0x0000000100000000)
  region size 1024K, 25 young (25600K), 2 survivors (2048K)
 Metaspace       used 41142K, committed 41728K, reserved 1114112K
  class space    used 5825K, committed 6080K, reserved 1048576K
}
Event: 44.090 GC heap after
{Heap after GC invocations=13 (full 0):
 garbage-first heap   total reserved 2060288K, committed 55296K, used 26624K [0x0000000082400000, 0x0000000100000000)
  region size 1024K, 3 young (3072K), 3 survivors (3072K)
 Metaspace       used 41142K, committed 41728K, reserved 1114112K
  class space    used 5825K, committed 6080K, reserved 1048576K
}
Event: 47.712 GC heap before
{Heap before GC invocations=13 (full 0):
 garbage-first heap   total reserved 2060288K, committed 55296K, used 48128K [0x0000000082400000, 0x0000000100000000)
  region size 1024K, 24 young (24576K), 3 survivors (3072K)
 Metaspace       used 46614K, committed 47232K, reserved 1114112K
  class space    used 6532K, committed 6784K, reserved 1048576K
}
Event: 47.727 GC heap after
{Heap after GC invocations=14 (full 0):
 garbage-first heap   total reserved 2060288K, committed 55296K, used 27276K [0x0000000082400000, 0x0000000100000000)
  region size 1024K, 3 young (3072K), 3 survivors (3072K)
 Metaspace       used 46614K, committed 47232K, reserved 1114112K
  class space    used 6532K, committed 6784K, reserved 1048576K
}
Event: 49.336 GC heap before
{Heap before GC invocations=14 (full 0):
 garbage-first heap   total reserved 2060288K, committed 55296K, used 46732K [0x0000000082400000, 0x0000000100000000)
  region size 1024K, 23 young (23552K), 3 survivors (3072K)
 Metaspace       used 52221K, committed 52928K, reserved 1114112K
  class space    used 7368K, committed 7680K, reserved 1048576K
}
Event: 49.348 GC heap after
{Heap after GC invocations=15 (full 0):
 garbage-first heap   total reserved 2060288K, committed 55296K, used 28412K [0x0000000082400000, 0x0000000100000000)
  region size 1024K, 3 young (3072K), 3 survivors (3072K)
 Metaspace       used 52221K, committed 52928K, reserved 1114112K
  class space    used 7368K, committed 7680K, reserved 1048576K
}
Event: 51.319 GC heap before
{Heap before GC invocations=15 (full 0):
 garbage-first heap   total reserved 2060288K, committed 55296K, used 46844K [0x0000000082400000, 0x0000000100000000)
  region size 1024K, 21 young (21504K), 3 survivors (3072K)
 Metaspace       used 56358K, committed 57024K, reserved 1114112K
  class space    used 8117K, committed 8384K, reserved 1048576K
}
Event: 51.329 GC heap after
{Heap after GC invocations=16 (full 0):
 garbage-first heap   total reserved 2060288K, committed 55296K, used 29091K [0x0000000082400000, 0x0000000100000000)
  region size 1024K, 2 young (2048K), 2 survivors (2048K)
 Metaspace       used 56358K, committed 57024K, reserved 1114112K
  class space    used 8117K, committed 8384K, reserved 1048576K
}
Event: 52.659 GC heap before
{Heap before GC invocations=17 (full 0):
 garbage-first heap   total reserved 2060288K, committed 55296K, used 48547K [0x0000000082400000, 0x0000000100000000)
  region size 1024K, 21 young (21504K), 2 survivors (2048K)
 Metaspace       used 58557K, committed 59264K, reserved 1114112K
  class space    used 8406K, committed 8704K, reserved 1048576K
}
Event: 52.671 GC heap after
{Heap after GC invocations=18 (full 0):
 garbage-first heap   total reserved 2060288K, committed 55296K, used 30696K [0x0000000082400000, 0x0000000100000000)
  region size 1024K, 3 young (3072K), 3 survivors (3072K)
 Metaspace       used 58557K, committed 59264K, reserved 1114112K
  class space    used 8406K, committed 8704K, reserved 1048576K
}
Event: 54.105 GC heap before
{Heap before GC invocations=18 (full 0):
 garbage-first heap   total reserved 2060288K, committed 55296K, used 47080K [0x0000000082400000, 0x0000000100000000)
  region size 1024K, 19 young (19456K), 3 survivors (3072K)
 Metaspace       used 61834K, committed 62464K, reserved 1114112K
  class space    used 9012K, committed 9280K, reserved 1048576K
}
Event: 54.119 GC heap after
{Heap after GC invocations=19 (full 0):
 garbage-first heap   total reserved 2060288K, committed 55296K, used 31953K [0x0000000082400000, 0x0000000100000000)
  region size 1024K, 2 young (2048K), 2 survivors (2048K)
 Metaspace       used 61834K, committed 62464K, reserved 1114112K
  class space    used 9012K, committed 9280K, reserved 1048576K
}
Event: 55.504 GC heap before
{Heap before GC invocations=19 (full 0):
 garbage-first heap   total reserved 2060288K, committed 55296K, used 48337K [0x0000000082400000, 0x0000000100000000)
  region size 1024K, 18 young (18432K), 2 survivors (2048K)
 Metaspace       used 63438K, committed 64128K, reserved 1114112K
  class space    used 9366K, committed 9664K, reserved 1048576K
}
Event: 55.513 GC heap after
{Heap after GC invocations=20 (full 0):
 garbage-first heap   total reserved 2060288K, committed 55296K, used 33156K [0x0000000082400000, 0x0000000100000000)
  region size 1024K, 3 young (3072K), 3 survivors (3072K)
 Metaspace       used 63438K, committed 64128K, reserved 1114112K
  class space    used 9366K, committed 9664K, reserved 1048576K
}

